<?xml version="1.0" encoding="UTF-8"?>
<!-- Generated by org.testng.reporters.JUnitXMLReporter -->
<testsuite ignored="0" hostname="DESKTOP-1V7ITL0" failures="1" tests="2" name="Test" time="0.071" errors="0" timestamp="26 Mar 2024 06:11:04 GMT">
  <testcase classname="com.google.meet.Test_Case" name="Testcase" time="0.028"/>
  <testcase classname="com.google.meet.Test_Case" name="Testcase1" time="0.006">
    <failure type="java.lang.AssertionError" message="expected [false] but found [true]">
      <![CDATA[java.lang.AssertionError: expected [false] but found [true]
	at com.google.meet.Test_Case.Testcase1(Test_Case.java:17)
... Removed 31 stack frames]]>
    </failure>
  </testcase> <!-- Testcase1 -->
</testsuite> <!-- Test -->
